[15:24:23] [Server thread/INFO]: Starting minecraft server version 1.12.2
[15:24:23] [Server thread/INFO]: Loading properties
[15:24:23] [Server thread/INFO]: Default game type: SURVIVAL
[15:24:24] [Server thread/INFO]: This server is running CraftBukkit version git-Spigot-79a30d7-acbc348 (MC: 1.12.2) (Implementing API version 1.12.2-R0.1-SNAPSHOT)
[15:24:24] [Server thread/INFO]: Server Ping Player Sample Count: 12
[15:24:24] [Server thread/INFO]: Using 4 threads for Netty based IO
[15:24:24] [Server thread/INFO]: Debug logging is disabled
[15:24:24] [Server thread/INFO]: Generating keypair
[15:24:24] [Server thread/INFO]: Starting Minecraft server on *:25565
[15:24:24] [Server thread/INFO]: Using default channel type
[15:24:24] [Server thread/INFO]: Set PluginClassLoader as parallel capable
[15:24:24] [Server thread/INFO]: [PermissionsEx] Loading PermissionsEx v1.23.4
[15:24:24] [Server thread/INFO]: [Multiverse-Core] Loading Multiverse-Core v1.1
[15:24:24] [Server thread/INFO]: **** Beginning UUID conversion, this may take A LONG time ****
[15:24:24] [Server thread/INFO]: Preparing level "world"
[15:24:24] [Server thread/INFO]: -------- World Settings For [world] --------
[15:24:24] [Server thread/INFO]: Zombie Aggressive Towards Villager: true
[15:24:24] [Server thread/INFO]: Item Merge Radius: 2.5
[15:24:24] [Server thread/INFO]: Item Despawn Rate: 6000
[15:24:24] [Server thread/INFO]: Arrow Despawn Rate: 1200
[15:24:24] [Server thread/INFO]: View Distance: 10
[15:24:24] [Server thread/INFO]: Allow Zombie Pigmen to spawn from portal blocks: true
[15:24:24] [Server thread/INFO]: Experience Merge Radius: 3.0
[15:24:24] [Server thread/INFO]: Nerfing mobs spawned from spawners: false
[15:24:24] [Server thread/INFO]: Random Lighting Updates: false
[15:24:24] [Server thread/INFO]: Max TNT Explosions: 100
[15:24:24] [Server thread/INFO]: Structure Info Saving: true
[15:24:24] [Server thread/INFO]: Tile Max Tick Time: 50ms Entity max Tick Time: 50ms
[15:24:24] [Server thread/INFO]: Mob Spawn Range: 4
[15:24:24] [Server thread/INFO]: Entity Tracking Range: Pl 48 / An 48 / Mo 48 / Mi 32 / Other 64
[15:24:24] [Server thread/INFO]: Hopper Transfer: 8 Hopper Check: 1 Hopper Amount: 1
[15:24:24] [Server thread/INFO]: Cactus Growth Modifier: 100%
[15:24:24] [Server thread/INFO]: Cane Growth Modifier: 100%
[15:24:24] [Server thread/INFO]: Melon Growth Modifier: 100%
[15:24:24] [Server thread/INFO]: Mushroom Growth Modifier: 100%
[15:24:24] [Server thread/INFO]: Pumpkin Growth Modifier: 100%
[15:24:24] [Server thread/INFO]: Sapling Growth Modifier: 100%
[15:24:24] [Server thread/INFO]: Wheat Growth Modifier: 100%
[15:24:24] [Server thread/INFO]: NetherWart Growth Modifier: 100%
[15:24:24] [Server thread/INFO]: Vine Growth Modifier: 100%
[15:24:24] [Server thread/INFO]: Cocoa Growth Modifier: 100%
[15:24:24] [Server thread/INFO]: Entity Activation Range: An 32 / Mo 32 / Mi 16 / Tiv true
[15:24:24] [Server thread/INFO]: Custom Map Seeds:  Village: 10387312 Feature: 14357617 Monument: 10387313 Slime: 987234911
[15:24:24] [Server thread/INFO]: -------- World Settings For [world_nether] --------
[15:24:24] [Server thread/INFO]: Zombie Aggressive Towards Villager: true
[15:24:24] [Server thread/INFO]: Item Merge Radius: 2.5
[15:24:24] [Server thread/INFO]: Item Despawn Rate: 6000
[15:24:24] [Server thread/INFO]: Arrow Despawn Rate: 1200
[15:24:24] [Server thread/INFO]: View Distance: 10
[15:24:24] [Server thread/INFO]: Allow Zombie Pigmen to spawn from portal blocks: true
[15:24:24] [Server thread/INFO]: Experience Merge Radius: 3.0
[15:24:24] [Server thread/INFO]: Nerfing mobs spawned from spawners: false
[15:24:24] [Server thread/INFO]: Random Lighting Updates: false
[15:24:24] [Server thread/INFO]: Max TNT Explosions: 100
[15:24:24] [Server thread/INFO]: Structure Info Saving: true
[15:24:24] [Server thread/INFO]: Tile Max Tick Time: 50ms Entity max Tick Time: 50ms
[15:24:24] [Server thread/INFO]: Mob Spawn Range: 4
[15:24:24] [Server thread/INFO]: Entity Tracking Range: Pl 48 / An 48 / Mo 48 / Mi 32 / Other 64
[15:24:24] [Server thread/INFO]: Hopper Transfer: 8 Hopper Check: 1 Hopper Amount: 1
[15:24:24] [Server thread/INFO]: Cactus Growth Modifier: 100%
[15:24:24] [Server thread/INFO]: Cane Growth Modifier: 100%
[15:24:24] [Server thread/INFO]: Melon Growth Modifier: 100%
[15:24:24] [Server thread/INFO]: Mushroom Growth Modifier: 100%
[15:24:24] [Server thread/INFO]: Pumpkin Growth Modifier: 100%
[15:24:24] [Server thread/INFO]: Sapling Growth Modifier: 100%
[15:24:24] [Server thread/INFO]: Wheat Growth Modifier: 100%
[15:24:24] [Server thread/INFO]: NetherWart Growth Modifier: 100%
[15:24:24] [Server thread/INFO]: Vine Growth Modifier: 100%
[15:24:24] [Server thread/INFO]: Cocoa Growth Modifier: 100%
[15:24:24] [Server thread/INFO]: Entity Activation Range: An 32 / Mo 32 / Mi 16 / Tiv true
[15:24:24] [Server thread/INFO]: Custom Map Seeds:  Village: 10387312 Feature: 14357617 Monument: 10387313 Slime: 987234911
[15:24:24] [Server thread/INFO]: -------- World Settings For [world_the_end] --------
[15:24:24] [Server thread/INFO]: Zombie Aggressive Towards Villager: true
[15:24:24] [Server thread/INFO]: Item Merge Radius: 2.5
[15:24:24] [Server thread/INFO]: Item Despawn Rate: 6000
[15:24:24] [Server thread/INFO]: Arrow Despawn Rate: 1200
[15:24:24] [Server thread/INFO]: View Distance: 10
[15:24:24] [Server thread/INFO]: Allow Zombie Pigmen to spawn from portal blocks: true
[15:24:24] [Server thread/INFO]: Experience Merge Radius: 3.0
[15:24:24] [Server thread/INFO]: Nerfing mobs spawned from spawners: false
[15:24:24] [Server thread/INFO]: Random Lighting Updates: false
[15:24:24] [Server thread/INFO]: Max TNT Explosions: 100
[15:24:24] [Server thread/INFO]: Structure Info Saving: true
[15:24:24] [Server thread/INFO]: Tile Max Tick Time: 50ms Entity max Tick Time: 50ms
[15:24:24] [Server thread/INFO]: Mob Spawn Range: 4
[15:24:24] [Server thread/INFO]: Entity Tracking Range: Pl 48 / An 48 / Mo 48 / Mi 32 / Other 64
[15:24:24] [Server thread/INFO]: Hopper Transfer: 8 Hopper Check: 1 Hopper Amount: 1
[15:24:24] [Server thread/INFO]: Cactus Growth Modifier: 100%
[15:24:24] [Server thread/INFO]: Cane Growth Modifier: 100%
[15:24:24] [Server thread/INFO]: Melon Growth Modifier: 100%
[15:24:24] [Server thread/INFO]: Mushroom Growth Modifier: 100%
[15:24:24] [Server thread/INFO]: Pumpkin Growth Modifier: 100%
[15:24:24] [Server thread/INFO]: Sapling Growth Modifier: 100%
[15:24:24] [Server thread/INFO]: Wheat Growth Modifier: 100%
[15:24:24] [Server thread/INFO]: NetherWart Growth Modifier: 100%
[15:24:24] [Server thread/INFO]: Vine Growth Modifier: 100%
[15:24:24] [Server thread/INFO]: Cocoa Growth Modifier: 100%
[15:24:24] [Server thread/INFO]: Entity Activation Range: An 32 / Mo 32 / Mi 16 / Tiv true
[15:24:24] [Server thread/INFO]: Custom Map Seeds:  Village: 10387312 Feature: 14357617 Monument: 10387313 Slime: 987234911
[15:24:24] [Server thread/INFO]: Preparing start region for level 0 (Seed: 4809936939406286530)
[15:24:25] [Server thread/INFO]: Preparing start region for level 1 (Seed: 4809936939406286530)
[15:24:26] [Server thread/INFO]: Preparing start region for level 2 (Seed: 4809936939406286530)
[15:24:26] [Server thread/INFO]: [PermissionsEx] Enabling PermissionsEx v1.23.4
[15:24:26] [Server thread/INFO]: [PermissionsEx] Initializing file backend
[15:24:26] [Server thread/INFO]: [Multiverse-Core] Enabling Multiverse-Core v1.1
[15:24:26] [Server thread/WARN]: [Multiverse-Core] Cannot load worlds.yml
[15:24:26] [Server thread/INFO]: [Multiverse-Core] Loading World & Settings - 'world' - Env: NORMAL - Type: NORMAL & seed: 4809936939406286530
[15:24:26] [Server thread/WARN]: [Multiverse-Core] Spawn location from world.dat file was unsafe. Adjusting...
[15:24:26] [Server thread/WARN]: [Multiverse-Core] Original Location: X: -124 Y: 64 Z: 256 P: 0 Y: 0 
[15:24:26] [Server thread/INFO]: [Multiverse-Core] New Spawn for 'world' is located at: world:-131.50,66.00,248.50:0.00:0.00
[15:24:27] [Server thread/INFO]: [Multiverse-Core] Loading World & Settings - 'world_nether' - Env: NETHER - Type: NORMAL & seed: 4809936939406286530
[15:24:27] [Server thread/WARN]: [Multiverse-Core] Spawn location from world.dat file was unsafe. Adjusting...
[15:24:27] [Server thread/WARN]: [Multiverse-Core] Original Location: X: 0 Y: 0 Z: 0 P: 0 Y: 0 
[15:24:27] [Server thread/INFO]: [Multiverse-Core] New Spawn for 'world_nether' is located at: world_nether:0.00,55.00,0.00:0.00:0.00
[15:24:27] [Server thread/INFO]: [Multiverse-Core] Loading World & Settings - 'world_the_end' - Env: THE_END - Type: NORMAL & seed: 4809936939406286530
[15:24:27] [Server thread/WARN]: [Multiverse-Core] Spawn location from world.dat file was unsafe. Adjusting...
[15:24:27] [Server thread/WARN]: [Multiverse-Core] Original Location: X: 0 Y: 0 Z: 0 P: 0 Y: 0 
[15:24:27] [Server thread/INFO]: [Multiverse-Core] New Spawn for 'world_the_end' is located at: world_the_end:0.00,62.00,0.00:0.00:0.00
[15:24:27] [Server thread/INFO]: [Multiverse-Core] 3 - World(s) loaded.
[15:24:27] [Server thread/INFO]: false
[15:24:27] [Server thread/INFO]: [Multiverse-Core] Version 1.1 (API v20) Enabled - By Rigby, fernferret, lithium3141 and main--
[15:24:27] [Server thread/INFO]: Server permissions file permissions.yml is empty, ignoring it
[15:24:27] [Server thread/INFO]: Done (3.057s)! For help, type "help" or "?"
[15:24:27] [Thread-7/WARN]: [PermissionsEx] The updater could not find any files for the project id 31279
