[12:43:58] [Server thread/INFO]: Loading properties
[12:43:58] [Server thread/INFO]: Default game type: SURVIVAL
[12:43:58] [Server thread/INFO]: This server is running CraftBukkit version git-Spigot-79a30d7-acbc348 (MC: 1.12.2) (Implementing API version 1.12.2-R0.1-SNAPSHOT)
[12:43:58] [Server thread/INFO]: Debug logging is disabled
[12:43:58] [Server thread/INFO]: Server Ping Player Sample Count: 12
[12:43:58] [Server thread/INFO]: Using 4 threads for Netty based IO
[12:43:58] [Server thread/INFO]: Generating keypair
[12:43:58] [Server thread/INFO]: Starting Minecraft server on *:25565
[12:43:58] [Server thread/INFO]: Using default channel type
[12:43:58] [Server thread/INFO]: Set PluginClassLoader as parallel capable
[12:43:58] [Server thread/INFO]: [PermissionsEx] Loading PermissionsEx v1.23.4
[12:43:58] [Server thread/INFO]: [Multiverse-Core] Loading Multiverse-Core v1.1
[12:43:58] [Server thread/INFO]: **** Beginning UUID conversion, this may take A LONG time ****
[12:43:58] [Server thread/INFO]: Preparing level "world"
[12:43:58] [Server thread/INFO]: -------- World Settings For [world] --------
[12:43:58] [Server thread/INFO]: Allow Zombie Pigmen to spawn from portal blocks: true
[12:43:58] [Server thread/INFO]: Item Merge Radius: 2.5
[12:43:58] [Server thread/INFO]: Item Despawn Rate: 6000
[12:43:58] [Server thread/INFO]: Arrow Despawn Rate: 1200
[12:43:58] [Server thread/INFO]: View Distance: 10
[12:43:58] [Server thread/INFO]: Experience Merge Radius: 3.0
[12:43:58] [Server thread/INFO]: Zombie Aggressive Towards Villager: true
[12:43:58] [Server thread/INFO]: Custom Map Seeds:  Village: 10387312 Feature: 14357617 Monument: 10387313 Slime: 987234911
[12:43:58] [Server thread/INFO]: Nerfing mobs spawned from spawners: false
[12:43:58] [Server thread/INFO]: Cactus Growth Modifier: 100%
[12:43:58] [Server thread/INFO]: Cane Growth Modifier: 100%
[12:43:58] [Server thread/INFO]: Melon Growth Modifier: 100%
[12:43:58] [Server thread/INFO]: Mushroom Growth Modifier: 100%
[12:43:58] [Server thread/INFO]: Pumpkin Growth Modifier: 100%
[12:43:58] [Server thread/INFO]: Sapling Growth Modifier: 100%
[12:43:58] [Server thread/INFO]: Wheat Growth Modifier: 100%
[12:43:58] [Server thread/INFO]: NetherWart Growth Modifier: 100%
[12:43:58] [Server thread/INFO]: Vine Growth Modifier: 100%
[12:43:58] [Server thread/INFO]: Cocoa Growth Modifier: 100%
[12:43:58] [Server thread/INFO]: Mob Spawn Range: 4
[12:43:58] [Server thread/INFO]: Max TNT Explosions: 100
[12:43:58] [Server thread/INFO]: Tile Max Tick Time: 50ms Entity max Tick Time: 50ms
[12:43:58] [Server thread/INFO]: Entity Tracking Range: Pl 48 / An 48 / Mo 48 / Mi 32 / Other 64
[12:43:58] [Server thread/INFO]: Random Lighting Updates: false
[12:43:58] [Server thread/INFO]: Hopper Transfer: 8 Hopper Check: 1 Hopper Amount: 1
[12:43:58] [Server thread/INFO]: Structure Info Saving: true
[12:43:58] [Server thread/INFO]: Entity Activation Range: An 32 / Mo 32 / Mi 16 / Tiv true
[12:43:59] [Server thread/INFO]: -------- World Settings For [world_nether] --------
[12:43:59] [Server thread/INFO]: Allow Zombie Pigmen to spawn from portal blocks: true
[12:43:59] [Server thread/INFO]: Item Merge Radius: 2.5
[12:43:59] [Server thread/INFO]: Item Despawn Rate: 6000
[12:43:59] [Server thread/INFO]: Arrow Despawn Rate: 1200
[12:43:59] [Server thread/INFO]: View Distance: 10
[12:43:59] [Server thread/INFO]: Experience Merge Radius: 3.0
[12:43:59] [Server thread/INFO]: Zombie Aggressive Towards Villager: true
[12:43:59] [Server thread/INFO]: Custom Map Seeds:  Village: 10387312 Feature: 14357617 Monument: 10387313 Slime: 987234911
[12:43:59] [Server thread/INFO]: Nerfing mobs spawned from spawners: false
[12:43:59] [Server thread/INFO]: Cactus Growth Modifier: 100%
[12:43:59] [Server thread/INFO]: Cane Growth Modifier: 100%
[12:43:59] [Server thread/INFO]: Melon Growth Modifier: 100%
[12:43:59] [Server thread/INFO]: Mushroom Growth Modifier: 100%
[12:43:59] [Server thread/INFO]: Pumpkin Growth Modifier: 100%
[12:43:59] [Server thread/INFO]: Sapling Growth Modifier: 100%
[12:43:59] [Server thread/INFO]: Wheat Growth Modifier: 100%
[12:43:59] [Server thread/INFO]: NetherWart Growth Modifier: 100%
[12:43:59] [Server thread/INFO]: Vine Growth Modifier: 100%
[12:43:59] [Server thread/INFO]: Cocoa Growth Modifier: 100%
[12:43:59] [Server thread/INFO]: Mob Spawn Range: 4
[12:43:59] [Server thread/INFO]: Max TNT Explosions: 100
[12:43:59] [Server thread/INFO]: Tile Max Tick Time: 50ms Entity max Tick Time: 50ms
[12:43:59] [Server thread/INFO]: Entity Tracking Range: Pl 48 / An 48 / Mo 48 / Mi 32 / Other 64
[12:43:59] [Server thread/INFO]: Random Lighting Updates: false
[12:43:59] [Server thread/INFO]: Hopper Transfer: 8 Hopper Check: 1 Hopper Amount: 1
[12:43:59] [Server thread/INFO]: Structure Info Saving: true
[12:43:59] [Server thread/INFO]: Entity Activation Range: An 32 / Mo 32 / Mi 16 / Tiv true
[12:43:59] [Server thread/INFO]: -------- World Settings For [world_the_end] --------
[12:43:59] [Server thread/INFO]: Allow Zombie Pigmen to spawn from portal blocks: true
[12:43:59] [Server thread/INFO]: Item Merge Radius: 2.5
[12:43:59] [Server thread/INFO]: Item Despawn Rate: 6000
[12:43:59] [Server thread/INFO]: Arrow Despawn Rate: 1200
[12:43:59] [Server thread/INFO]: View Distance: 10
[12:43:59] [Server thread/INFO]: Experience Merge Radius: 3.0
[12:43:59] [Server thread/INFO]: Zombie Aggressive Towards Villager: true
[12:43:59] [Server thread/INFO]: Custom Map Seeds:  Village: 10387312 Feature: 14357617 Monument: 10387313 Slime: 987234911
[12:43:59] [Server thread/INFO]: Nerfing mobs spawned from spawners: false
[12:43:59] [Server thread/INFO]: Cactus Growth Modifier: 100%
[12:43:59] [Server thread/INFO]: Cane Growth Modifier: 100%
[12:43:59] [Server thread/INFO]: Melon Growth Modifier: 100%
[12:43:59] [Server thread/INFO]: Mushroom Growth Modifier: 100%
[12:43:59] [Server thread/INFO]: Pumpkin Growth Modifier: 100%
[12:43:59] [Server thread/INFO]: Sapling Growth Modifier: 100%
[12:43:59] [Server thread/INFO]: Wheat Growth Modifier: 100%
[12:43:59] [Server thread/INFO]: NetherWart Growth Modifier: 100%
[12:43:59] [Server thread/INFO]: Vine Growth Modifier: 100%
[12:43:59] [Server thread/INFO]: Cocoa Growth Modifier: 100%
[12:43:59] [Server thread/INFO]: Mob Spawn Range: 4
[12:43:59] [Server thread/INFO]: Max TNT Explosions: 100
[12:43:59] [Server thread/INFO]: Tile Max Tick Time: 50ms Entity max Tick Time: 50ms
[12:43:59] [Server thread/INFO]: Entity Tracking Range: Pl 48 / An 48 / Mo 48 / Mi 32 / Other 64
[12:43:59] [Server thread/INFO]: Random Lighting Updates: false
[12:43:59] [Server thread/INFO]: Hopper Transfer: 8 Hopper Check: 1 Hopper Amount: 1
[12:43:59] [Server thread/INFO]: Structure Info Saving: true
[12:43:59] [Server thread/INFO]: Entity Activation Range: An 32 / Mo 32 / Mi 16 / Tiv true
[12:43:59] [Server thread/INFO]: Preparing start region for level 0 (Seed: 4809936939406286530)
[12:44:00] [Server thread/INFO]: Preparing spawn area: 96%
[12:44:00] [Server thread/INFO]: Preparing start region for level 1 (Seed: 4809936939406286530)
[12:44:00] [Server thread/INFO]: Preparing start region for level 2 (Seed: 4809936939406286530)
[12:44:00] [Server thread/INFO]: [PermissionsEx] Enabling PermissionsEx v1.23.4
[12:44:00] [Server thread/INFO]: [PermissionsEx] Initializing file backend
[12:44:00] [Server thread/INFO]: [PermissionsEx] Permissions file successfully reloaded
[12:44:00] [Server thread/INFO]: [Multiverse-Core] Enabling Multiverse-Core v1.1
[12:44:01] [Server thread/INFO]: [Multiverse-Core] 3 - World(s) loaded.
[12:44:01] [Server thread/INFO]: false
[12:44:01] [Server thread/INFO]: [Multiverse-Core] Version 1.1 (API v20) Enabled - By Rigby, fernferret, lithium3141 and main--
[12:44:01] [Server thread/INFO]: Server permissions file permissions.yml is empty, ignoring it
[12:44:01] [Server thread/INFO]: Done (2.495s)! For help, type "help" or "?"
[12:44:02] [Thread-7/WARN]: [PermissionsEx] The updater could not find any files for the project id 31279
[12:45:47] [User Authenticator #1/INFO]: UUID of player Akkun_Mark is 65390180-f8f9-485f-9589-be4d69c19045
[12:45:47] [Server thread/INFO]: Akkun_Mark[/127.0.0.1:51985] logged in with entity id 264 at ([world]-147.57702155022852, 66.0, 290.5387598994512)
[12:47:13] [Server thread/INFO]: Akkun_Mark issued server command: /mv create raid NORMAL
[12:50:12] [Server thread/INFO]: Akkun_Mark issued server command: /reload
[12:50:49] [Server thread/INFO]: Akkun_Mark issued server command: /pex reload
[12:50:49] [Server thread/WARN]: [PermissionsEx] User Akkun_Mark tried to access chat command "pex reload", but doesn't have permission to do this.
[12:50:56] [Server thread/INFO]: Akkun_Mark issued server command: /reload
[12:51:19] [Server thread/INFO]: Akkun_Mark lost connection: Disconnected
[12:51:19] [Server thread/INFO]: Akkun_Mark left the game
[12:51:25] [Server thread/INFO]: CONSOLE: [0;31;1mPlease note that this command is not supported and may cause issues when using some plugins.[m
[12:51:25] [Server thread/INFO]: CONSOLE: [0;31;1mIf you encounter any issues please use the /stop command to restart your server.[m
[12:51:25] [Server thread/INFO]: Debug logging is disabled
[12:51:25] [Server thread/INFO]: Server Ping Player Sample Count: 12
[12:51:25] [Server thread/INFO]: Using 4 threads for Netty based IO
[12:51:25] [Server thread/INFO]: -------- World Settings For [world] --------
[12:51:25] [Server thread/INFO]: Allow Zombie Pigmen to spawn from portal blocks: true
[12:51:25] [Server thread/INFO]: Item Merge Radius: 2.5
[12:51:25] [Server thread/INFO]: Item Despawn Rate: 6000
[12:51:25] [Server thread/INFO]: Arrow Despawn Rate: 1200
[12:51:25] [Server thread/INFO]: View Distance: 10
[12:51:25] [Server thread/INFO]: Experience Merge Radius: 3.0
[12:51:25] [Server thread/INFO]: Zombie Aggressive Towards Villager: true
[12:51:25] [Server thread/INFO]: Custom Map Seeds:  Village: 10387312 Feature: 14357617 Monument: 10387313 Slime: 987234911
[12:51:25] [Server thread/INFO]: Nerfing mobs spawned from spawners: false
[12:51:25] [Server thread/INFO]: Cactus Growth Modifier: 100%
[12:51:25] [Server thread/INFO]: Cane Growth Modifier: 100%
[12:51:25] [Server thread/INFO]: Melon Growth Modifier: 100%
[12:51:25] [Server thread/INFO]: Mushroom Growth Modifier: 100%
[12:51:25] [Server thread/INFO]: Pumpkin Growth Modifier: 100%
[12:51:25] [Server thread/INFO]: Sapling Growth Modifier: 100%
[12:51:25] [Server thread/INFO]: Wheat Growth Modifier: 100%
[12:51:25] [Server thread/INFO]: NetherWart Growth Modifier: 100%
[12:51:25] [Server thread/INFO]: Vine Growth Modifier: 100%
[12:51:25] [Server thread/INFO]: Cocoa Growth Modifier: 100%
[12:51:25] [Server thread/INFO]: Mob Spawn Range: 4
[12:51:25] [Server thread/INFO]: Max TNT Explosions: 100
[12:51:25] [Server thread/INFO]: Tile Max Tick Time: 50ms Entity max Tick Time: 50ms
[12:51:25] [Server thread/INFO]: Entity Tracking Range: Pl 48 / An 48 / Mo 48 / Mi 32 / Other 64
[12:51:25] [Server thread/INFO]: Random Lighting Updates: false
[12:51:25] [Server thread/INFO]: Hopper Transfer: 8 Hopper Check: 1 Hopper Amount: 1
[12:51:25] [Server thread/INFO]: Structure Info Saving: true
[12:51:25] [Server thread/INFO]: Entity Activation Range: An 32 / Mo 32 / Mi 16 / Tiv true
[12:51:25] [Server thread/INFO]: -------- World Settings For [world_nether] --------
[12:51:25] [Server thread/INFO]: Allow Zombie Pigmen to spawn from portal blocks: true
[12:51:25] [Server thread/INFO]: Item Merge Radius: 2.5
[12:51:25] [Server thread/INFO]: Item Despawn Rate: 6000
[12:51:25] [Server thread/INFO]: Arrow Despawn Rate: 1200
[12:51:25] [Server thread/INFO]: View Distance: 10
[12:51:25] [Server thread/INFO]: Experience Merge Radius: 3.0
[12:51:25] [Server thread/INFO]: Zombie Aggressive Towards Villager: true
[12:51:25] [Server thread/INFO]: Custom Map Seeds:  Village: 10387312 Feature: 14357617 Monument: 10387313 Slime: 987234911
[12:51:25] [Server thread/INFO]: Nerfing mobs spawned from spawners: false
[12:51:25] [Server thread/INFO]: Cactus Growth Modifier: 100%
[12:51:25] [Server thread/INFO]: Cane Growth Modifier: 100%
[12:51:25] [Server thread/INFO]: Melon Growth Modifier: 100%
[12:51:25] [Server thread/INFO]: Mushroom Growth Modifier: 100%
[12:51:25] [Server thread/INFO]: Pumpkin Growth Modifier: 100%
[12:51:25] [Server thread/INFO]: Sapling Growth Modifier: 100%
[12:51:25] [Server thread/INFO]: Wheat Growth Modifier: 100%
[12:51:25] [Server thread/INFO]: NetherWart Growth Modifier: 100%
[12:51:25] [Server thread/INFO]: Vine Growth Modifier: 100%
[12:51:25] [Server thread/INFO]: Cocoa Growth Modifier: 100%
[12:51:25] [Server thread/INFO]: Mob Spawn Range: 4
[12:51:25] [Server thread/INFO]: Max TNT Explosions: 100
[12:51:25] [Server thread/INFO]: Tile Max Tick Time: 50ms Entity max Tick Time: 50ms
[12:51:25] [Server thread/INFO]: Entity Tracking Range: Pl 48 / An 48 / Mo 48 / Mi 32 / Other 64
[12:51:25] [Server thread/INFO]: Random Lighting Updates: false
[12:51:25] [Server thread/INFO]: Hopper Transfer: 8 Hopper Check: 1 Hopper Amount: 1
[12:51:25] [Server thread/INFO]: Structure Info Saving: true
[12:51:25] [Server thread/INFO]: Entity Activation Range: An 32 / Mo 32 / Mi 16 / Tiv true
[12:51:25] [Server thread/INFO]: -------- World Settings For [world_the_end] --------
[12:51:25] [Server thread/INFO]: Allow Zombie Pigmen to spawn from portal blocks: true
[12:51:25] [Server thread/INFO]: Item Merge Radius: 2.5
[12:51:25] [Server thread/INFO]: Item Despawn Rate: 6000
[12:51:25] [Server thread/INFO]: Arrow Despawn Rate: 1200
[12:51:25] [Server thread/INFO]: View Distance: 10
[12:51:25] [Server thread/INFO]: Experience Merge Radius: 3.0
[12:51:25] [Server thread/INFO]: Zombie Aggressive Towards Villager: true
[12:51:25] [Server thread/INFO]: Custom Map Seeds:  Village: 10387312 Feature: 14357617 Monument: 10387313 Slime: 987234911
[12:51:25] [Server thread/INFO]: Nerfing mobs spawned from spawners: false
[12:51:25] [Server thread/INFO]: Cactus Growth Modifier: 100%
[12:51:25] [Server thread/INFO]: Cane Growth Modifier: 100%
[12:51:25] [Server thread/INFO]: Melon Growth Modifier: 100%
[12:51:25] [Server thread/INFO]: Mushroom Growth Modifier: 100%
[12:51:25] [Server thread/INFO]: Pumpkin Growth Modifier: 100%
[12:51:25] [Server thread/INFO]: Sapling Growth Modifier: 100%
[12:51:25] [Server thread/INFO]: Wheat Growth Modifier: 100%
[12:51:25] [Server thread/INFO]: NetherWart Growth Modifier: 100%
[12:51:25] [Server thread/INFO]: Vine Growth Modifier: 100%
[12:51:25] [Server thread/INFO]: Cocoa Growth Modifier: 100%
[12:51:25] [Server thread/INFO]: Mob Spawn Range: 4
[12:51:25] [Server thread/INFO]: Max TNT Explosions: 100
[12:51:25] [Server thread/INFO]: Tile Max Tick Time: 50ms Entity max Tick Time: 50ms
[12:51:25] [Server thread/INFO]: Entity Tracking Range: Pl 48 / An 48 / Mo 48 / Mi 32 / Other 64
[12:51:25] [Server thread/INFO]: Random Lighting Updates: false
[12:51:25] [Server thread/INFO]: Hopper Transfer: 8 Hopper Check: 1 Hopper Amount: 1
[12:51:25] [Server thread/INFO]: Structure Info Saving: true
[12:51:25] [Server thread/INFO]: Entity Activation Range: An 32 / Mo 32 / Mi 16 / Tiv true
[12:51:25] [Server thread/INFO]: [Multiverse-Core] Disabling Multiverse-Core v1.1
[12:51:25] [Server thread/INFO]: [PermissionsEx] Disabling PermissionsEx v1.23.4
[12:51:25] [Server thread/INFO]: [PermissionsEx] Loading PermissionsEx v1.23.4
[12:51:25] [Server thread/INFO]: [Multiverse-Core] Loading Multiverse-Core v1.1
[12:51:25] [Server thread/INFO]: [PermissionsEx] Enabling PermissionsEx v1.23.4
[12:51:25] [Server thread/INFO]: [PermissionsEx] Initializing file backend
[12:51:25] [Server thread/INFO]: [PermissionsEx] Permissions file successfully reloaded
[12:51:25] [Server thread/INFO]: [Multiverse-Core] Enabling Multiverse-Core v1.1
[12:51:26] [Thread-8/WARN]: [PermissionsEx] The updater could not find any files for the project id 31279
[12:51:26] [Server thread/INFO]: [Multiverse-Core] 3 - World(s) loaded.
[12:51:26] [Server thread/INFO]: false
[12:51:26] [Server thread/INFO]: [Multiverse-Core] Version 1.1 (API v20) Enabled - By Rigby, fernferret, lithium3141 and main--
[12:51:26] [Server thread/INFO]: Server permissions file permissions.yml is empty, ignoring it
[12:51:26] [Server thread/INFO]: CONSOLE: [0;32;1mReload complete.[m
[12:51:30] [User Authenticator #2/INFO]: UUID of player Akkun_Mark is 65390180-f8f9-485f-9589-be4d69c19045
[12:51:30] [Server thread/INFO]: Akkun_Mark[/127.0.0.1:52453] logged in with entity id 1109 at ([world]-168.5722669964043, 68.0, 301.27375453628827)
[12:51:53] [Server thread/INFO]: Akkun_Mark issued server command: /mv create raid NORMAL
[12:51:53] [Server thread/INFO]: Akkun_Mark: Starting creation of world 'raid'...[m
[12:51:53] [Server thread/INFO]: [Multiverse-Core] Loading World & Settings - 'raid' - Env: NORMAL - Type: NORMAL
[12:51:53] [Server thread/INFO]: -------- World Settings For [raid] --------
[12:51:53] [Server thread/INFO]: Allow Zombie Pigmen to spawn from portal blocks: true
[12:51:53] [Server thread/INFO]: Item Merge Radius: 2.5
[12:51:53] [Server thread/INFO]: Item Despawn Rate: 6000
[12:51:53] [Server thread/INFO]: Arrow Despawn Rate: 1200
[12:51:53] [Server thread/INFO]: View Distance: 10
[12:51:53] [Server thread/INFO]: Experience Merge Radius: 3.0
[12:51:53] [Server thread/INFO]: Zombie Aggressive Towards Villager: true
[12:51:53] [Server thread/INFO]: Custom Map Seeds:  Village: 10387312 Feature: 14357617 Monument: 10387313 Slime: 987234911
[12:51:53] [Server thread/INFO]: Nerfing mobs spawned from spawners: false
[12:51:53] [Server thread/INFO]: Cactus Growth Modifier: 100%
[12:51:53] [Server thread/INFO]: Cane Growth Modifier: 100%
[12:51:53] [Server thread/INFO]: Melon Growth Modifier: 100%
[12:51:53] [Server thread/INFO]: Mushroom Growth Modifier: 100%
[12:51:53] [Server thread/INFO]: Pumpkin Growth Modifier: 100%
[12:51:53] [Server thread/INFO]: Sapling Growth Modifier: 100%
[12:51:53] [Server thread/INFO]: Wheat Growth Modifier: 100%
[12:51:53] [Server thread/INFO]: NetherWart Growth Modifier: 100%
[12:51:53] [Server thread/INFO]: Vine Growth Modifier: 100%
[12:51:53] [Server thread/INFO]: Cocoa Growth Modifier: 100%
[12:51:53] [Server thread/INFO]: Mob Spawn Range: 4
[12:51:53] [Server thread/INFO]: Max TNT Explosions: 100
[12:51:53] [Server thread/INFO]: Tile Max Tick Time: 50ms Entity max Tick Time: 50ms
[12:51:53] [Server thread/INFO]: Entity Tracking Range: Pl 48 / An 48 / Mo 48 / Mi 32 / Other 64
[12:51:53] [Server thread/INFO]: Random Lighting Updates: false
[12:51:53] [Server thread/INFO]: Hopper Transfer: 8 Hopper Check: 1 Hopper Amount: 1
[12:51:53] [Server thread/INFO]: Structure Info Saving: true
[12:51:53] [Server thread/INFO]: Entity Activation Range: An 32 / Mo 32 / Mi 16 / Tiv true
[12:51:53] [Server thread/INFO]: Preparing start region for level 3 (Seed: -351061091280688407)
[12:51:54] [Server thread/INFO]: Preparing spawn area for raid, 20%
[12:51:55] [Server thread/INFO]: Preparing spawn area for raid, 36%
[12:51:56] [Server thread/INFO]: Preparing spawn area for raid, 48%
[12:51:57] [Server thread/INFO]: Preparing spawn area for raid, 65%
[12:51:58] [Server thread/INFO]: Preparing spawn area for raid, 85%
[12:51:58] [Server thread/WARN]: [Multiverse-Core] Spawn location from world.dat file was unsafe. Adjusting...
[12:51:58] [Server thread/WARN]: [Multiverse-Core] Original Location: X: -235 Y: 64 Z: 197 P: 0 Y: 0 
[12:51:58] [Server thread/INFO]: [Multiverse-Core] New Spawn for 'raid' is located at: raid:-233.50,64.00,198.50:0.00:0.00
[12:51:58] [Server thread/INFO]: Akkun_Mark: Complete![m
[12:51:58] [Server thread/WARN]: Akkun_Mark moved too quickly! 7.535539673547646,0.2522033402537289,-6.5949470806148724
[13:06:02] [Server thread/INFO]: Stopping the server
[13:06:02] [Server thread/INFO]: Stopping server
[13:06:02] [Server thread/INFO]: [Multiverse-Core] Disabling Multiverse-Core v1.1
[13:06:02] [Server thread/INFO]: [PermissionsEx] Disabling PermissionsEx v1.23.4
[13:06:02] [Server thread/INFO]: Saving players
[13:06:02] [Server thread/INFO]: Akkun_Mark lost connection: Server closed
[13:06:02] [Server thread/INFO]: Akkun_Mark left the game
[13:06:02] [Server thread/INFO]: Saving worlds
[13:06:02] [Server thread/INFO]: Saving chunks for level 'world'/overworld
[13:06:02] [Server thread/INFO]: Saving chunks for level 'world_nether'/the_nether
[13:06:02] [Server thread/INFO]: Saving chunks for level 'world_the_end'/the_end
[13:06:02] [Server thread/INFO]: Saving chunks for level 'raid'/overworld
